<?xml version="1.0" encoding="UTF-8"?>
<!-- Generated by org.testng.reporters.JUnitReportReporter -->
<testsuite hostname="LAPTOP-INRID3BG" failures="0" tests="9" name="testHRM.OrangeHRM" time="22.754" errors="0" timestamp="2024-04-15T11:12:33 IST" skipped="8">
  <testcase classname="testHRM.OrangeHRM" name="applyLeave" time="22.754"/>
  <testcase classname="testHRM.OrangeHRM" name="deleteEmployeeByName">
    <skipped/>
  </testcase> <!-- deleteEmployeeByName -->
  <testcase classname="testHRM.OrangeHRM" name="ListEmployee">
    <skipped/>
  </testcase> <!-- ListEmployee -->
  <testcase classname="testHRM.OrangeHRM" name="loginTestwithValidCredential">
    <skipped/>
  </testcase> <!-- loginTestwithValidCredential -->
  <testcase classname="testHRM.OrangeHRM" name="DologinTestwithInvalidCredential">
    <skipped/>
  </testcase> <!-- DologinTestwithInvalidCredential -->
  <testcase classname="testHRM.OrangeHRM" name="searchEmployeeById">
    <skipped/>
  </testcase> <!-- searchEmployeeById -->
  <testcase classname="testHRM.OrangeHRM" name="searchEmployeeByName">
    <skipped/>
  </testcase> <!-- searchEmployeeByName -->
  <testcase classname="testHRM.OrangeHRM" name="addEmployee">
    <skipped/>
  </testcase> <!-- addEmployee -->
  <testcase classname="testHRM.OrangeHRM" name="fileUpload">
    <skipped/>
  </testcase> <!-- fileUpload -->
</testsuite> <!-- testHRM.OrangeHRM -->
